Arguments: 
  /usr/local/bin/node /Users/imedvedev/.yarn/bin/yarn.js add @types/create-serve -D

PATH: 
  /Users/imedvedev/.cache/deno:/usr/local/opt/llvm/bin:/Users/imedvedev/.yarn/bin:/Users/imedvedev/.config/yarn/global/node_modules/.bin:/Users/imedvedev/Library/Android/sdk/platform-tools:/Users/imedvedev/Library/Android/sdk/tools:/usr/local/bin:/usr/bin:/bin:/usr/sbin:/sbin:/opt/X11/bin:/Library/Apple/usr/bin:/Users/imedvedev/golang/bin:/usr/local/opt/go/libexec/bin:/Users/imedvedev/depot_tools

Yarn version: 
  1.22.4

Node version: 
  15.13.0

Platform: 
  darwin x64

Trace: 
  Error: https://registry.npmjs.org/@types%2fcreate-serve: Not found
      at Request.params.callback [as _callback] (/Users/imedvedev/.yarn/lib/cli.js:66987:18)
      at Request.self.callback (/Users/imedvedev/.yarn/lib/cli.js:140748:22)
      at Request.emit (node:events:369:20)
      at Request.<anonymous> (/Users/imedvedev/.yarn/lib/cli.js:141720:10)
      at Request.emit (node:events:369:20)
      at IncomingMessage.<anonymous> (/Users/imedvedev/.yarn/lib/cli.js:141642:12)
      at Object.onceWrapper (node:events:475:28)
      at IncomingMessage.emit (node:events:381:22)
      at endReadableNT (node:internal/streams/readable:1307:12)
      at processTicksAndRejections (node:internal/process/task_queues:81:21)

npm manifest: 
  {
    "name": "ts-module",
    "version": "1.0.0",
    "main": "index.js",
    "author": "Ilya Medvedev <imedvedev@readymag.com>",
    "license": "MIT",
    "devDependencies": {
      "@types/node": "^16.6.1",
      "create-serve": "^1.0.1",
      "esbuild": "^0.12.20",
      "prettier": "^2.3.2",
      "typescript": "^4.3.5"
    }
  }

yarn manifest: 
  No manifest

Lockfile: 
  # THIS IS AN AUTOGENERATED FILE. DO NOT EDIT THIS FILE DIRECTLY.
  # yarn lockfile v1
  
  
  "@types/node@^16.6.1":
    version "16.6.1"
    resolved "https://registry.npmjs.org/@types/node/-/node-16.6.1.tgz#aee62c7b966f55fc66c7b6dfa1d58db2a616da61"
    integrity sha512-Sr7BhXEAer9xyGuCN3Ek9eg9xPviCF2gfu9kTfuU2HkTVAMYSDeX40fvpmo72n5nansg3nsBjuQBrsS28r+NUw==
  
  create-serve@^1.0.1:
    version "1.0.1"
    resolved "https://registry.npmjs.org/create-serve/-/create-serve-1.0.1.tgz#a52ec4cbd2d0f776d3e42338fa1f0dae69080c59"
    integrity sha512-cDAmBGhkwolS7ihq7SnPE8KwjYUZl5FaI9Pq5ZBwNelSKvFR9OoAA4/B5BfB/NC+eYaykBpX9RVMfuU4DHtrPw==
  
  esbuild@^0.12.20:
    version "0.12.20"
    resolved "https://registry.npmjs.org/esbuild/-/esbuild-0.12.20.tgz#4d3c9d83c99a4031e027b42a4c398c23b6827cb0"
    integrity sha512-u7+0qTo9Z64MD9PhooEngCmzyEYJ6ovFhPp8PLNh3UasR5Ihjv6HWVXqm8uHmasdQlpsAf0IsY4U0YVUfCpt4Q==
  
  prettier@^2.3.2:
    version "2.3.2"
    resolved "https://registry.npmjs.org/prettier/-/prettier-2.3.2.tgz#ef280a05ec253712e486233db5c6f23441e7342d"
    integrity sha512-lnJzDfJ66zkMy58OL5/NY5zp70S7Nz6KqcKkXYzn2tMVrNxvbqaBpg7H3qHaLxCJ5lNMsGuM8+ohS7cZrthdLQ==
  
  typescript@^4.3.5:
    version "4.3.5"
    resolved "https://registry.npmjs.org/typescript/-/typescript-4.3.5.tgz#4d1c37cc16e893973c45a06886b7113234f119f4"
    integrity sha512-DqQgihaQ9cUrskJo9kIyW/+g0Vxsk8cDtZ52a3NGh0YNTfpUSArXSohyUGnvbPazEPLu398C0UxmKSOrPumUzA==
